2023-09-26 19:20:05.837 [info] Reading sessions from keychain...
2023-09-26 19:20:05.837 [info] Getting sessions for all scopes...
2023-09-26 19:20:05.837 [info] Got 0 sessions for ...
2023-09-26 19:20:05.837 [info] Getting sessions for user:email...
2023-09-26 19:20:05.837 [info] Got 0 sessions for user:email...
2023-09-26 19:20:05.872 [info] Getting sessions for all scopes...
2023-09-26 19:20:05.872 [info] Got 0 sessions for ...
2023-09-26 19:20:05.873 [info] Getting sessions for all scopes...
2023-09-26 19:20:05.873 [info] Got 0 sessions for ...
2023-09-26 19:21:43.591 [info] Getting sessions for user:email...
2023-09-26 19:21:43.591 [info] Got 0 sessions for user:email...
2023-09-26 19:21:43.591 [info] Getting sessions for read:user...
2023-09-26 19:21:43.591 [info] Got 0 sessions for read:user...
2023-09-26 19:21:43.593 [info] Getting sessions for read:user...
2023-09-26 19:21:43.593 [info] Got 0 sessions for read:user...
2023-09-26 19:21:43.593 [info] Getting sessions for user:email...
2023-09-26 19:21:43.593 [info] Got 0 sessions for user:email...
2023-09-26 19:21:45.965 [info] Getting sessions for read:user...
2023-09-26 19:21:45.965 [info] Got 0 sessions for read:user...
2023-09-26 19:21:45.965 [info] Getting sessions for user:email...
2023-09-26 19:21:45.965 [info] Got 0 sessions for user:email...
2023-09-26 19:21:47.478 [info] Logging in for the following scopes: user:email
2023-09-26 19:21:47.482 [info] Trying without local server... (user:email)
2023-09-26 19:21:55.009 [info] Exchanging code for token...
2023-09-26 19:21:55.151 [info] Token exchange success!
2023-09-26 19:21:55.151 [info] Getting user info...
2023-09-26 19:21:55.285 [info] Got account info!
2023-09-26 19:21:55.285 [info] Storing 1 sessions...
2023-09-26 19:21:57.498 [info] Reading sessions from keychain...
2023-09-26 19:21:57.498 [info] Stored 1 sessions!
2023-09-26 19:21:57.499 [info] Login success!
2023-09-26 19:21:57.499 [info] Getting sessions for user:email...
2023-09-26 19:21:57.519 [info] Got stored sessions!
2023-09-26 19:21:57.519 [info] Got 1 verified sessions.
2023-09-26 19:21:57.519 [info] Got 1 sessions for user:email...
2023-09-26 19:21:57.520 [info] Getting sessions for user:email...
2023-09-26 19:21:57.520 [info] Got 1 sessions for user:email...
2023-09-26 19:21:57.520 [info] Getting sessions for read:user...
2023-09-26 19:21:57.520 [info] Got 0 sessions for read:user...
2023-09-26 19:21:57.521 [info] Getting sessions for user:email...
2023-09-26 19:21:57.521 [info] Got 1 sessions for user:email...
2023-09-26 19:21:57.521 [info] Getting sessions for user:email...
2023-09-26 19:21:57.521 [info] Got 1 sessions for user:email...
2023-09-26 19:21:57.758 [info] Getting sessions for user:email...
2023-09-26 19:21:57.758 [info] Got 1 sessions for user:email...
2023-09-26 19:22:31.625 [info] Reading sessions from keychain...
2023-09-26 19:22:31.625 [info] Getting sessions for all scopes...
2023-09-26 19:22:31.625 [info] Getting sessions for user:email...
2023-09-26 19:22:31.625 [info] Got stored sessions!
2023-09-26 19:22:31.625 [info] Got 1 verified sessions.
2023-09-26 19:22:31.625 [info] Got 1 sessions for ...
2023-09-26 19:22:31.625 [info] Got 1 sessions for user:email...
2023-09-26 19:22:31.625 [info] Getting sessions for all scopes...
2023-09-26 19:22:31.625 [info] Got 1 sessions for ...
2023-09-26 19:22:32.013 [info] Getting sessions for read:user...
2023-09-26 19:22:32.013 [info] Got 0 sessions for read:user...
2023-09-26 19:22:32.013 [info] Getting sessions for user:email...
2023-09-26 19:22:32.013 [info] Got 1 sessions for user:email...
2023-09-26 19:22:32.039 [info] Getting sessions for all scopes...
2023-09-26 19:22:32.039 [info] Got 1 sessions for ...
2023-09-26 19:22:32.039 [info] Getting sessions for user:email...
2023-09-26 19:22:32.039 [info] Got 1 sessions for user:email...
2023-09-26 19:22:32.325 [info] Getting sessions for user:email...
2023-09-26 19:22:32.325 [info] Got 1 sessions for user:email...
